

**********************************
**    Starting preprocessing    **
**********************************


Begin...
Opening fastq files...
/home/graham/dropseq_pipe/drop_test_files/fastqs/test_R1.fastq.gz
/home/graham/dropseq_pipe/drop_test_files/fastqs/test_R2.fastq.gz
	Reading files...
	Writing files...
1914
1914
         2285813 function calls (2284890 primitive calls) in 3.641 seconds

   Ordered by: internal time

   ncalls  tottime  percall  cumtime  percall filename:lineno(function)
    10560    1.826    0.000    3.266    0.000 drop_titan_html.py:56(bc_dist)
  1058845    0.736    0.000    0.736    0.000 {min}
  1067051    0.698    0.000    0.698    0.000 {method 'append' of 'list' objects}
    28008    0.056    0.000    0.091    0.000 gzip.py:439(readline)
        1    0.053    0.053    3.643    3.643 drop_titan_html.py:18(<module>)
     2885    0.023    0.000    0.053    0.000 {map}
    28252    0.022    0.000    0.022    0.000 {method 'find' of 'str' objects}
     1914    0.018    0.000    2.987    0.002 drop_titan_html.py:69(measure_dist)
21951/21778    0.015    0.000    0.015    0.000 {len}
    10538    0.014    0.000    0.020    0.000 drop_titan_html.py:41(<genexpr>)
    15545    0.013    0.000    0.013    0.000 {range}
     5742    0.010    0.000    0.010    0.000 {method 'write' of 'file' objects}
     1292    0.009    0.000    0.030    0.000 {method 'join' of 'str' objects}
        1    0.008    0.008    2.997    2.997 drop_titan_html.py:75(cluster_points)
     9952    0.007    0.000    0.007    0.000 {method 'get' of 'dict' objects}
      273    0.006    0.000    0.008    0.000 function_base.py:2945(add_newdoc)
   135/20    0.005    0.000    0.019    0.001 sre_parse.py:379(_parse)
      958    0.005    0.000    0.054    0.000 drop_titan_html.py:40(to_coord)
      232    0.005    0.000    0.005    0.000 {built-in method decompress}
        3    0.005    0.002    0.043    0.014 __init__.py:1(<module>)
   305/20    0.004    0.000    0.016    0.001 sre_compile.py:32(_compile)
      135    0.003    0.000    0.005    0.000 sre_compile.py:207(_optimize_charset)
     1236    0.003    0.000    0.005    0.000 sre_parse.py:182(__next)
        1    0.003    0.003    0.004    0.004 polynomial.py:55(<module>)
        6    0.003    0.001    0.005    0.001 {method 'sub' of '_sre.SRE_Pattern' objects}
        8    0.003    0.000    0.005    0.001 collections.py:288(namedtuple)
        1    0.003    0.003    0.004    0.004 hermite.py:59(<module>)
        1    0.003    0.003    0.004    0.004 chebyshev.py:87(<module>)
        1    0.003    0.003    0.004    0.004 hermite_e.py:59(<module>)
        1    0.003    0.003    0.061    0.061 drop_titan_html.py:86(update_centroids)
        1    0.003    0.003    0.004    0.004 legendre.py:83(<module>)
        1    0.003    0.003    0.004    0.004 laguerre.py:59(<module>)
     1342    0.002    0.000    0.004    0.000 sre_parse.py:130(__getitem__)
        1    0.002    0.002    0.003    0.003 numeric.py:1(<module>)
        2    0.002    0.001    0.120    0.060 base.py:1(<module>)
     2223    0.002    0.000    0.002    0.000 {isinstance}
     1018    0.002    0.000    0.006    0.000 sre_parse.py:201(get)
  443/160    0.002    0.000    0.002    0.000 sre_parse.py:140(getwidth)
        1    0.002    0.002    0.002    0.002 __init__.py:88(<module>)
        6    0.002    0.000    0.002    0.000 {imp.load_module}
      234    0.002    0.000    0.002    0.000 {zlib.crc32}
        1    0.001    0.001    0.005    0.005 __init__.py:38(<module>)
     1009    0.001    0.000    0.001    0.000 {method 'extend' of 'list' objects}
      232    0.001    0.000    0.003    0.000 gzip.py:328(_add_read_data)
      666    0.001    0.000    0.002    0.000 string.py:158(convert)
      244    0.001    0.000    0.012    0.000 gzip.py:241(read)
        1    0.001    0.001    0.006    0.006 __init__.py:7(<module>)
       32    0.001    0.000    0.001    0.000 sre_compile.py:258(_mk_bitmap)
      244    0.001    0.000    0.010    0.000 gzip.py:278(_read)
        1    0.001    0.001    0.002    0.002 __init__.py:4(<module>)
        1    0.001    0.001    0.069    0.069 __init__.py:106(<module>)
        1    0.001    0.001    0.008    0.008 __init__.py:197(<module>)
      655    0.001    0.000    0.001    0.000 sre_parse.py:126(__len__)
      135    0.001    0.000    0.007    0.000 sre_compile.py:178(_compile_charset)
        2    0.001    0.000    0.002    0.001 six.py:1(<module>)
    76/20    0.001    0.000    0.019    0.001 sre_parse.py:301(_parse_sub)
        1    0.001    0.001    0.024    0.024 __init__.py:15(<module>)
      850    0.001    0.000    0.002    0.000 sre_parse.py:195(match)
        1    0.001    0.001    0.001    0.001 linalg.py:10(<module>)
        3    0.001    0.000    0.004    0.001 __init__.py:3(<module>)
        1    0.001    0.001    0.001    0.001 __init__.py:119(<module>)
        1    0.001    0.001    0.004    0.004 __init__.py:45(<module>)
      440    0.001    0.000    0.001    0.000 sre_parse.py:138(append)
        1    0.001    0.001    0.003    0.003 __init__.py:2(<module>)
      906    0.001    0.000    0.001    0.000 {method 'group' of '_sre.SRE_Match' objects}
        1    0.001    0.001    0.001    0.001 collections.py:1(<module>)
      242    0.001    0.000    0.001    0.000 gzip.py:274(_unread)
      461    0.001    0.000    0.001    0.000 {getattr}
        1    0.001    0.001    0.003    0.003 core.py:21(<module>)
      288    0.001    0.000    0.001    0.000 {method 'read' of 'file' objects}
        1    0.001    0.001    0.002    0.002 pickle.py:25(<module>)
        1    0.001    0.001    0.002    0.002 case.py:1(<module>)
        1    0.001    0.001    0.002    0.002 numerictypes.py:82(<module>)
        1    0.001    0.001    0.001    0.001 npyio.py:1(<module>)
        1    0.001    0.001    0.001    0.001 io.py:34(<module>)
      138    0.001    0.000    0.039    0.000 re.py:226(_compile)
        1    0.001    0.001    0.003    0.003 index_tricks.py:1(<module>)
      244    0.001    0.000    0.001    0.000 gzip.py:150(_check_closed)
        2    0.000    0.000    0.001    0.001 function_base.py:1(<module>)
        1    0.000    0.000    0.001    0.001 defmatrix.py:1(<module>)
        1    0.000    0.000    0.036    0.036 inspect.py:25(<module>)
      140    0.000    0.000    0.001    0.000 sre_compile.py:354(_simple)
        1    0.000    0.000    0.001    0.001 arrayprint.py:5(<module>)
      290    0.000    0.000    0.001    0.000 collections.py:329(<genexpr>)
        1    0.000    0.000    0.033    0.033 add_newdocs.py:10(<module>)
        1    0.000    0.000    0.002    0.002 compat.py:3(<module>)
        1    0.000    0.000    0.032    0.032 tokenize.py:23(<module>)
      305    0.000    0.000    0.000    0.000 sre_parse.py:90(__init__)
      512    0.000    0.000    0.000    0.000 {chr}
        3    0.000    0.000    0.001    0.000 numeric.py:346(extend_all)
       31    0.000    0.000    0.001    0.000 _inspect.py:159(formatargspec)
        1    0.000    0.000    0.002    0.002 ctypeslib.py:51(<module>)
        1    0.000    0.000    0.119    0.119 __init__.py:14(<module>)
      434    0.000    0.000    0.000    0.000 {ord}
        1    0.000    0.000    0.004    0.004 __init__.py:65(<module>)
      410    0.000    0.000    0.000    0.000 sre_compile.py:24(_identityfunction)
      270    0.000    0.000    0.000    0.000 {method 'strip' of 'str' objects}
        1    0.000    0.000    0.000    0.000 opcode.py:5(<module>)
        1    0.000    0.000    0.001    0.001 __init__.py:44(<module>)
        1    0.000    0.000    0.000    0.000 compressed.py:1(<module>)
      117    0.000    0.000    0.001    0.000 re.py:134(match)
      270    0.000    0.000    0.000    0.000 {numpy.lib._compiled_base.add_docstring}
        1    0.000    0.000    0.001    0.001 result.py:1(<module>)
        1    0.000    0.000    0.003    0.003 csr.py:1(<module>)
       38    0.000    0.000    0.001    0.000 {all}
       81    0.000    0.000    0.000    0.000 sre_parse.py:257(_escape)
        1    0.000    0.000    0.000    0.000 _datasource.py:33(<module>)
      274    0.000    0.000    0.000    0.000 {method 'startswith' of 'str' objects}
        1    0.000    0.000    0.002    0.002 gzip.py:4(<module>)
      244    0.000    0.000    0.000    0.000 gzip.py:360(closed)
        1    0.000    0.000    0.000    0.000 token.py:1(<module>)
        1    0.000    0.000    0.001    0.001 dis.py:1(<module>)
        3    0.000    0.000    0.000    0.000 {sorted}
       27    0.000    0.000    0.000    0.000 nosetester.py:140(__init__)
       20    0.000    0.000    0.003    0.000 sre_compile.py:359(_compile_info)
        8    0.000    0.000    0.000    0.000 abc.py:148(__subclasscheck__)
        1    0.000    0.000    0.001    0.001 numerictypes.py:304(_add_aliases)
       68    0.000    0.000    0.000    0.000 {method 'format' of 'str' objects}
       33    0.000    0.000    0.000    0.000 posixpath.py:127(dirname)
      182    0.000    0.000    0.000    0.000 {setattr}
        1    0.000    0.000    0.000    0.000 utils.py:4(<module>)
       20    0.000    0.000    0.039    0.002 sre_compile.py:493(compile)
       30    0.000    0.000    0.000    0.000 {method 'items' of 'dict' objects}
        2    0.000    0.000    0.000    0.000 __init__.py:10(<module>)
        1    0.000    0.000    0.001    0.001 extras.py:10(<module>)
        1    0.000    0.000    0.000    0.000 _validation.py:1(<module>)
      252    0.000    0.000    0.000    0.000 {method 'isalnum' of 'str' objects}
        5    0.000    0.000    0.000    0.000 {built-in method __new__ of type object at 0x919120}
        1    0.000    0.000    0.001    0.001 glob.py:1(<module>)
       34    0.000    0.000    0.000    0.000 six.py:89(__init__)
       26    0.000    0.000    0.000    0.000 numerictypes.py:232(bitname)
       31    0.000    0.000    0.000    0.000 _inspect.py:61(getargs)
        5    0.000    0.000    0.000    0.000 abc.py:86(__new__)
       40    0.000    0.000    0.001    0.000 _inspect.py:120(getargspec)
       20    0.000    0.000    0.020    0.001 sre_parse.py:675(parse)
        1    0.000    0.000    0.000    0.000 records.py:36(<module>)
       23    0.000    0.000    0.001    0.000 core.py:5997(getdoc)
       40    0.000    0.000    0.001    0.000 core.py:109(get_object_signature)
      119    0.000    0.000    0.000    0.000 {method 'match' of '_sre.SRE_Pattern' objects}
       68    0.000    0.000    0.000    0.000 six.py:139(__init__)
       38    0.000    0.000    0.000    0.000 {numpy.core.multiarray.array}
        1    0.000    0.000    0.000    0.000 _iotools.py:3(<module>)
        1    0.000    0.000    0.000    0.000 lil.py:2(<module>)
        7    0.000    0.000    0.000    0.000 {open}
       27    0.000    0.000    0.000    0.000 core.py:822(__init__)
        1    0.000    0.000    0.000    0.000 shutil.py:5(<module>)
      140    0.000    0.000    0.000    0.000 sre_parse.py:134(__setitem__)
        1    0.000    0.000    0.018    0.018 type_check.py:3(<module>)
      119    0.000    0.000    0.000    0.000 opcode.py:27(def_op)
        1    0.000    0.000    0.002    0.002 polynomial.py:4(<module>)
        1    0.000    0.000    0.000    0.000 runner.py:1(<module>)
        1    0.000    0.000    0.000    0.000 __init__.py:265(_reset_cache)
        1    0.000    0.000    0.000    0.000 fftpack.py:32(<module>)
        1    0.000    0.000    0.003    0.003 _internal.py:6(<module>)
        1    0.000    0.000    0.000    0.000 _iotools.py:466(StringConverter)
       72    0.000    0.000    0.000    0.000 numerictypes.py:130(english_lower)
        1    0.000    0.000    0.000    0.000 main.py:1(<module>)
        1    0.000    0.000    0.000    0.000 data.py:7(<module>)
       74    0.000    0.000    0.000    0.000 _inspect.py:152(strseq)
       14    0.000    0.000    0.000    0.000 __init__.py:147(_check_size)
        3    0.000    0.000    0.000    0.000 __init__.py:78(CFUNCTYPE)
        1    0.000    0.000    0.000    0.000 case.py:133(TestCase)
      109    0.000    0.000    0.000    0.000 {max}
       20    0.000    0.000    0.018    0.001 sre_compile.py:478(_code)
      109    0.000    0.000    0.000    0.000 six.py:82(__init__)
        1    0.000    0.000    0.000    0.000 coo.py:20(coo_matrix)
       43    0.000    0.000    0.000    0.000 sre_parse.py:72(opengroup)
        1    0.000    0.000    0.000    0.000 polyutils.py:33(<module>)
      112    0.000    0.000    0.000    0.000 {method 'translate' of 'str' objects}
        1    0.000    0.000    0.000    0.000 fromnumeric.py:3(<module>)
       19    0.000    0.000    0.000    0.000 _weakrefset.py:58(__iter__)
        1    0.000    0.000    0.000    0.000 numerictypes.py:288(_add_types)
       30    0.000    0.000    0.000    0.000 numerictypes.py:450(_add_array_type)
       41    0.000    0.000    0.000    0.000 six.py:95(__init__)
       38    0.000    0.000    0.000    0.000 sre_parse.py:225(_class_escape)
       43    0.000    0.000    0.000    0.000 sre_parse.py:83(closegroup)
       40    0.000    0.000    0.000    0.000 sre_compile.py:472(isstring)
        1    0.000    0.000    0.000    0.000 numerictypes.py:787(_construct_lookups)
        1    0.000    0.000    0.000    0.000 precision.py:8(<module>)
    56/45    0.000    0.000    0.001    0.000 {issubclass}
        1    0.000    0.000    0.000    0.000 suite.py:1(<module>)
       43    0.000    0.000    0.000    0.000 _inspect.py:163(<lambda>)
        8    0.000    0.000    0.001    0.000 abc.py:105(register)
       91    0.000    0.000    0.000    0.000 {_sre.getlower}
       40    0.000    0.000    0.000    0.000 _inspect.py:15(ismethod)
        6    0.000    0.000    0.000    0.000 {imp.find_module}
       18    0.000    0.000    0.000    0.000 core.py:902(__init__)
       22    0.000    0.000    0.000    0.000 _weakrefset.py:36(__init__)
        1    0.000    0.000    0.000    0.000 functions.py:3(<module>)
       40    0.000    0.000    0.000    0.000 _inspect.py:26(isfunction)
        1    0.000    0.000    0.000    0.000 _endian.py:4(<module>)
       20    0.000    0.000    0.000    0.000 {_sre.compile}
        1    0.000    0.000    0.000    0.000 defchararray.py:17(<module>)
       11    0.000    0.000    0.000    0.000 {method 'close' of 'file' objects}
       12    0.000    0.000    0.000    0.000 ctypeslib.py:311(prep_simple)
       40    0.000    0.000    0.000    0.000 numerictypes.py:157(english_upper)
        2    0.000    0.000    0.000    0.000 gzip.py:187(_read_gzip_header)
       51    0.000    0.000    0.000    0.000 {repr}
       38    0.000    0.000    0.000    0.000 collections.py:355(<genexpr>)
        1    0.000    0.000    0.000    0.000 misc.py:3(<module>)
       21    0.000    0.000    0.000    0.000 numerictypes.py:219(_evalname)
        3    0.000    0.000    0.000    0.000 {dir}
        1    0.000    0.000    0.000    0.000 heapq.py:31(<module>)
        1    0.000    0.000    0.001    0.001 utils.py:1(<module>)
       38    0.000    0.000    0.000    0.000 collections.py:353(<genexpr>)
        1    0.000    0.000    0.000    0.000 scimath.py:17(<module>)
        3    0.000    0.000    0.000    0.000 __init__.py:493(PYFUNCTYPE)
        1    0.000    0.000    0.000    0.000 signals.py:1(<module>)
       23    0.000    0.000    0.001    0.000 core.py:5992(__init__)
       31    0.000    0.000    0.000    0.000 _inspect.py:39(iscode)
       20    0.000    0.000    0.000    0.000 sre_parse.py:178(__init__)
       44    0.000    0.000    0.000    0.000 {method 'remove' of 'list' objects}
       20    0.000    0.000    0.000    0.000 {method 'seek' of 'file' objects}
        5    0.000    0.000    0.000    0.000 abc.py:89(<genexpr>)
        5    0.000    0.000    0.000    0.000 utils.py:108(__call__)
        1    0.000    0.000    0.000    0.000 loader.py:1(<module>)
       16    0.000    0.000    0.000    0.000 _weakrefset.py:83(add)
       54    0.000    0.000    0.000    0.000 {method 'add' of 'set' objects}
        1    0.000    0.000    0.000    0.000 _import_tools.py:1(<module>)
       68    0.000    0.000    0.000    0.000 {globals}
        1    0.000    0.000    0.000    0.000 core.py:2572(MaskedArray)
        1    0.000    0.000    0.001    0.001 difflib.py:27(<module>)
        1    0.000    0.000    0.000    0.000 bsr.py:1(<module>)
       28    0.000    0.000    0.000    0.000 {method 'tell' of 'file' objects}
        1    0.000    0.000    0.000    0.000 getlimits.py:3(<module>)
       19    0.000    0.000    0.000    0.000 tokenize.py:45(group)
        1    0.000    0.000    0.000    0.000 numerictypes.py:345(_add_integer_aliases)
        1    0.000    0.000    0.000    0.000 csc.py:1(<module>)
        1    0.000    0.000    0.000    0.000 dok.py:1(<module>)
        1    0.000    0.000    0.000    0.000 coo.py:1(<module>)
       21    0.000    0.000    0.000    0.000 {numpy.core.multiarray.empty}
        1    0.000    0.000    0.000    0.000 numerictypes.py:458(_set_array_types)
        1    0.000    0.000    0.000    0.000 memmap.py:1(<module>)
       43    0.000    0.000    0.000    0.000 six.py:76(__init__)
       13    0.000    0.000    0.000    0.000 functions.py:63(zeros)
        2    0.000    0.000    0.000    0.000 {_ctypes.POINTER}
       34    0.000    0.000    0.000    0.000 {method 'rfind' of 'str' objects}
       21    0.000    0.000    0.038    0.002 re.py:188(compile)
        3    0.000    0.000    0.002    0.001 warnings.py:45(filterwarnings)
        8    0.000    0.000    0.000    0.000 _weakrefset.py:26(__exit__)
       37    0.000    0.000    0.000    0.000 {sys._getframe}
        9    0.000    0.000    0.000    0.000 extras.py:245(getdoc)
        1    0.000    0.000    0.000    0.000 six.py:539(exec_)
       39    0.000    0.000    0.000    0.000 {method 'pop' of 'list' objects}
        1    0.000    0.000    0.000    0.000 {posix.listdir}
        1    0.000    0.000    0.000    0.000 bisect.py:1(<module>)
        1    0.000    0.000    0.000    0.000 numerictypes.py:435(_construct_char_code_lookup)
        1    0.000    0.000    0.000    0.000 six.py:311(exec_)
       18    0.000    0.000    0.000    0.000 {_struct.calcsize}
        5    0.000    0.000    0.000    0.000 precision.py:20(_get_precisions)
       50    0.000    0.000    0.000    0.000 {_ctypes.sizeof}
        1    0.000    0.000    0.001    0.001 csr.py:13(swig_import_helper)
        1    0.000    0.000    0.000    0.000 sputils.py:2(<module>)
        1    0.000    0.000    0.000    0.000 <string>:2(<module>)
       17    0.000    0.000    0.000    0.000 {method 'keys' of 'dict' objects}
        1    0.000    0.000    0.000    0.000 dia.py:1(<module>)
        5    0.000    0.000    0.000    0.000 utils.py:152(deprecate)
        9    0.000    0.000    0.000    0.000 re.py:204(escape)
       34    0.000    0.000    0.000    0.000 {method 'rstrip' of 'str' objects}
        1    0.000    0.000    0.000    0.000 typeconv.py:1(<module>)
       11    0.000    0.000    0.000    0.000 opcode.py:31(name_op)
        1    0.000    0.000    0.001    0.001 csr.py:11(<module>)
        3    0.000    0.000    0.000    0.000 functools.py:17(update_wrapper)
        1    0.000    0.000    0.000    0.000 nosetester.py:6(<module>)
        1    0.000    0.000    0.000    0.000 __init__.py:349(__init__)
        8    0.000    0.000    0.000    0.000 core.py:7204(getdoc)
       13    0.000    0.000    0.000    0.000 typeconv.py:24(convtypecode)
        4    0.000    0.000    0.000    0.000 sre_parse.py:216(isname)
       38    0.000    0.000    0.000    0.000 {method '__contains__' of 'frozenset' objects}
       18    0.000    0.000    0.000    0.000 data.py:82(_create_method)
        1    0.000    0.000    0.000    0.000 arrayterator.py:9(<module>)
        6    0.000    0.000    0.005    0.001 string.py:148(substitute)
       23    0.000    0.000    0.000    0.000 precision.py:36(_lookup)
        1    0.000    0.000    0.000    0.000 machar.py:7(<module>)
        1    0.000    0.000    0.000    0.000 stride_tricks.py:7(<module>)
       38    0.000    0.000    0.000    0.000 {method 'isdigit' of 'str' objects}
        1    0.000    0.000    0.000    0.000 __future__.py:48(<module>)
       15    0.000    0.000    0.000    0.000 sre_compile.py:51(fixup)
       18    0.000    0.000    0.000    0.000 {method 'replace' of 'str' objects}
        2    0.000    0.000    0.000    0.000 shape_base.py:1(<module>)
        8    0.000    0.000    0.000    0.000 _weakrefset.py:20(__enter__)
        6    0.000    0.000    0.000    0.000 core.py:1052(__init__)
        3    0.000    0.000    0.000    0.000 {__import__}
       20    0.000    0.000    0.000    0.000 sre_parse.py:67(__init__)
        1    0.000    0.000    0.000    0.000 <string>:1(<module>)
       14    0.000    0.000    0.000    0.000 numerictypes.py:184(english_capitalize)
        8    0.000    0.000    0.000    0.000 core.py:7199(__init__)
        9    0.000    0.000    0.000    0.000 _weakrefset.py:70(__contains__)
       24    0.000    0.000    0.000    0.000 sre_parse.py:210(isident)
        1    0.000    0.000    0.000    0.000 construct.py:2(<module>)
        1    0.000    0.000    0.001    0.001 util.py:1(<module>)
        1    0.000    0.000    0.000    0.000 defchararray.py:1668(chararray)
        9    0.000    0.000    0.000    0.000 six.py:104(__init__)
        9    0.000    0.000    0.000    0.000 core.py:2428(__init__)
        6    0.000    0.000    0.000    0.000 six.py:124(__init__)
        6    0.000    0.000    0.000    0.000 gzip.py:24(read32)
        1    0.000    0.000    0.000    0.000 bsr.py:11(<module>)
        9    0.000    0.000    0.000    0.000 extras.py:241(__init__)
        1    0.000    0.000    0.000    0.000 fnmatch.py:45(filter)
        1    0.000    0.000    0.000    0.000 format.py:136(<module>)
        1    0.000    0.000    0.000    0.000 pickle.py:827(Unpickler)
       13    0.000    0.000    0.000    0.000 {numpy.core.multiarray.zeros}
        6    0.000    0.000    0.000    0.000 opcode.py:39(jabs_op)
        1    0.000    0.000    0.000    0.000 numerictypes.py:386(_set_up_aliases)
        1    0.000    0.000    0.000    0.000 csc.py:11(<module>)
        9    0.000    0.000    0.000    0.000 core.py:2434(getdoc)
        3    0.000    0.000    0.000    0.000 six.py:85(__get__)
        1    0.000    0.000    0.000    0.000 _methods.py:5(<module>)
        1    0.000    0.000    0.000    0.000 ufuncs.py:1(<module>)
        2    0.000    0.000    0.000    0.000 gzip.py:45(__init__)
        2    0.000    0.000    0.000    0.000 getlimits.py:244(__init__)
        8    0.000    0.000    0.000    0.000 _weakrefset.py:16(__init__)
        6    0.000    0.000    0.000    0.000 opcode.py:35(jrel_op)
       11    0.000    0.000    0.000    0.000 {method 'update' of 'dict' objects}
        1    0.000    0.000    0.000    0.000 base.py:55(spmatrix)
        1    0.000    0.000    0.000    0.000 <string>:7(Polynomial)
        1    0.000    0.000    0.000    0.000 twodim_base.py:3(<module>)
        1    0.000    0.000    0.000    0.000 <string>:7(Hermite)
        1    0.000    0.000    0.000    0.000 <string>:7(Laguerre)
        1    0.000    0.000    0.000    0.000 <string>:7(Chebyshev)
        1    0.000    0.000    0.000    0.000 <string>:7(HermiteE)
        1    0.000    0.000    0.000    0.000 lil.py:23(lil_matrix)
        1    0.000    0.000    0.000    0.000 <string>:7(Legendre)
        1    0.000    0.000    0.000    0.000 pprint.py:35(<module>)
       11    0.000    0.000    0.000    0.000 {method 'split' of 'str' objects}
        1    0.000    0.000    0.000    0.000 {_warnings.warn}
        1    0.000    0.000    0.000    0.000 arraypad.py:5(<module>)
        3    0.000    0.000    0.001    0.000 glob.py:29(iglob)
        2    0.000    0.000    0.000    0.000 gzip.py:336(_read_eof)
        1    0.000    0.000    0.000    0.000 collections.py:26(OrderedDict)
        1    0.000    0.000    0.000    0.000 fnmatch.py:81(translate)
        1    0.000    0.000    0.000    0.000 bsr.py:13(swig_import_helper)
        1    0.000    0.000    0.000    0.000 _laplacian.py:3(<module>)
        1    0.000    0.000    0.000    0.000 csc.py:13(swig_import_helper)
        1    0.000    0.000    0.000    0.000 coo.py:11(<module>)
        1    0.000    0.000    0.000    0.000 financial.py:10(<module>)
        8    0.000    0.000    0.000    0.000 _weakrefset.py:52(_commit_removals)
        1    0.000    0.000    0.000    0.000 dia.py:11(<module>)
        1    0.000    0.000    0.000    0.000 dia.py:13(swig_import_helper)
        2    0.000    0.000    0.000    0.000 __config__.py:3(<module>)
        3    0.000    0.000    0.000    0.000 result.py:14(failfast)
        2    0.000    0.000    0.000    0.000 {zlib.decompressobj}
        1    0.000    0.000    0.000    0.000 compressed.py:19(_cs_matrix)
        1    0.000    0.000    0.000    0.000 py3k.py:4(<module>)
        1    0.000    0.000    0.000    0.000 csgraph.py:11(<module>)
        1    0.000    0.000    0.000    0.000 gzip.py:36(GzipFile)
        1    0.000    0.000    0.000    0.000 csgraph.py:13(swig_import_helper)
        1    0.000    0.000    0.000    0.000 linalg.py:76(_determine_error_states)
        1    0.000    0.000    0.000    0.000 _components.py:1(<module>)
        1    0.000    0.000    0.000    0.000 coo.py:13(swig_import_helper)
        1    0.000    0.000    0.000    0.000 dok.py:27(dok_matrix)
        1    0.000    0.000    0.000    0.000 pickle.py:171(Pickler)
        1    0.000    0.000    0.000    0.000 _inspect.py:7(<module>)
        4    0.000    0.000    0.000    0.000 core.py:92(doc_note)
        1    0.000    0.000    0.000    0.000 helper.py:4(<module>)
        3    0.000    0.000    0.000    0.000 glob.py:94(has_magic)
        1    0.000    0.000    0.000    0.000 defmatrix.py:206(matrix)
        2    0.000    0.000    0.000    0.000 posixpath.py:68(join)
        1    0.000    0.000    0.000    0.000 bsr.py:22(bsr_matrix)
        1    0.000    0.000    0.000    0.000 polytemplate.py:11(<module>)
        1    0.000    0.000    0.000    0.000 result.py:26(TestResult)
        1    0.000    0.000    0.000    0.000 arraysetops.py:26(<module>)
        2    0.000    0.000    0.000    0.000 gzip.py:183(_init_read)
        1    0.000    0.000    0.000    0.000 <string>:1(Arguments)
        3    0.000    0.000    0.000    0.000 six.py:74(_import_module)
        1    0.000    0.000    0.001    0.001 glob.py:18(glob)
        1    0.000    0.000    0.000    0.000 <string>:1(Mismatch)
        1    0.000    0.000    0.000    0.000 fnmatch.py:11(<module>)
        1    0.000    0.000    0.000    0.000 <string>:1(Attribute)
        1    0.000    0.000    0.000    0.000 decorators.py:15(<module>)
        1    0.000    0.000    0.000    0.000 nanfunctions.py:16(<module>)
        1    0.000    0.000    0.000    0.000 {posix.stat}
        2    0.000    0.000    0.000    0.000 getlimits.py:269(max)
        1    0.000    0.000    0.000    0.000 <string>:1(Match)
        1    0.000    0.000    0.000    0.000 StringIO.py:30(<module>)
        1    0.000    0.000    0.000    0.000 keyword.py:11(<module>)
        1    0.000    0.000    0.001    0.001 glob.py:66(glob1)
        1    0.000    0.000    0.000    0.000 _iotools.py:246(NameValidator)
        1    0.000    0.000    0.000    0.000 <string>:1(ModuleInfo)
        1    0.000    0.000    0.000    0.000 <string>:1(ArgSpec)
        1    0.000    0.000    0.000    0.000 {method 'view' of 'numpy.ndarray' objects}
        1    0.000    0.000    0.000    0.000 polynomial.py:930(poly1d)
        8    0.000    0.000    0.000    0.000 {method '__subclasshook__' of 'object' objects}
        2    0.000    0.000    0.000    0.000 numeric.py:2320(seterr)
        3    0.000    0.000    0.000    0.000 index_tricks.py:231(__init__)
        1    0.000    0.000    0.000    0.000 <string>:1(ArgInfo)
        8    0.000    0.000    0.000    0.000 {method 'remove' of 'set' objects}
        2    0.000    0.000    0.000    0.000 numeric.py:2416(geterr)
        1    0.000    0.000    0.000    0.000 _internal.py:196(_getintp_ctype)
        3    0.000    0.000    0.000    0.000 {numpy.core.umath.seterrobj}
        1    0.000    0.000    0.000    0.000 <string>:1(Traceback)
        1    0.000    0.000    0.000    0.000 precision.py:26(_fill_table)
        1    0.000    0.000    0.000    0.000 ufunclike.py:5(<module>)
        6    0.000    0.000    0.000    0.000 {_struct.unpack}
        2    0.000    0.000    0.000    0.000 six.py:157(_resolve)
        5    0.000    0.000    0.000    0.000 utils.py:103(__init__)
        1    0.000    0.000    0.000    0.000 extract.py:2(<module>)
        7    0.000    0.000    0.000    0.000 __future__.py:75(__init__)
        1    0.000    0.000    0.000    0.000 loader.py:38(TestLoader)
        7    0.000    0.000    0.000    0.000 case.py:609(_deprecate)
        1    0.000    0.000    0.000    0.000 genericpath.py:26(isfile)
        2    0.000    0.000    0.000    0.000 {numpy.core.multiarray.set_string_function}
        1    0.000    0.000    0.000    0.000 data.py:21(_data_matrix)
        8    0.000    0.000    0.000    0.000 {method '__subclasses__' of 'type' objects}
        1    0.000    0.000    0.000    0.000 posixpath.py:89(split)
        1    0.000    0.000    0.000    0.000 warnings.py:74(simplefilter)
        5    0.000    0.000    0.000    0.000 {hasattr}
        1    0.000    0.000    0.000    0.000 dia.py:17(dia_matrix)
        1    0.000    0.000    0.000    0.000 collections.py:387(Counter)
        1    0.000    0.000    0.000    0.000 numpytest.py:1(<module>)
        1    0.000    0.000    0.000    0.000 array_printer.py:1(<module>)
        5    0.000    0.000    0.000    0.000 utils.py:87(_set_function_name)
        3    0.000    0.000    0.000    0.000 functools.py:39(wraps)
        1    0.000    0.000    0.000    0.000 info.py:34(<module>)
        1    0.000    0.000    3.058    3.058 drop_titan_html.py:150(kmeans_one_iter)
        2    0.000    0.000    0.000    0.000 gzip.py:364(close)
        1    0.000    0.000    0.000    0.000 csc.py:21(csc_matrix)
        2    0.000    0.000    0.000    0.000 gzip.py:27(open)
        1    0.000    0.000    0.000    0.000 npyio.py:133(NpzFile)
        1    0.000    0.000    0.000    0.000 info.py:84(<module>)
        1    0.000    0.000    0.000    0.000 _datasource.py:150(DataSource)
        1    0.000    0.000    0.000    0.000 runner.py:28(TextTestResult)
        2    0.000    0.000    0.000    0.000 tokenize.py:47(maybe)
        2    0.000    0.000    0.000    0.000 numeric.py:1617(set_string_function)
        1    0.000    0.000    0.000    0.000 _internal.py:224(_ctypes)
        1    0.000    0.000    0.000    0.000 _iotools.py:155(LineSplitter)
        1    0.000    0.000    0.000    0.000 core.py:5761(MaskedConstant)
        6    0.000    0.000    0.000    0.000 {numpy.core.umath.geterrobj}
        3    0.000    0.000    0.000    0.000 __init__.py:104(CFunctionType)
        1    0.000    0.000    0.000    0.000 info.py:176(<module>)
        1    0.000    0.000    0.000    0.000 {_ctypes.dlopen}
        3    0.000    0.000    0.000    0.000 {method 'search' of '_sre.SRE_Pattern' objects}
        1    0.000    0.000    0.000    0.000 compat.py:110(Unpickler)
        1    0.000    0.000    0.000    0.000 {filter}
        4    0.000    0.000    0.000    0.000 {method 'insert' of 'list' objects}
        6    0.000    0.000    0.000    0.000 core.py:769(__init__)
        1    0.000    0.000    0.000    0.000 io.py:69(IOBase)
        1    0.000    0.000    0.000    0.000 info.py:147(<module>)
        1    0.000    0.000    0.000    0.000 core.py:5767(__new__)
        1    0.000    0.000    0.000    0.000 base.py:153(BaseEstimator)
        1    0.000    0.000    0.000    0.000 memmap.py:23(memmap)
        2    0.000    0.000    0.000    0.000 version.py:3(<module>)
        1    0.000    0.000    0.000    0.000 nosetester.py:88(NoseTester)
        1    0.000    0.000    0.000    0.000 getlimits.py:194(iinfo)
        3    0.000    0.000    0.000    0.000 __init__.py:494(CFunctionType)
        1    0.000    0.000    0.000    0.000 drop_titan_html.py:33(grouped)
        1    0.000    0.000    0.000    0.000 numeric.py:2716(_setdef)
        1    0.000    0.000    0.000    0.000 numeric.py:2701(__init__)
        4    0.000    0.000    0.000    0.000 six.py:69(_add_doc)
        1    0.000    0.000    0.000    0.000 copy_reg.py:14(pickle)
        1    0.000    0.000    0.000    0.000 weakref.py:282(__init__)
        7    0.000    0.000    0.000    0.000 {method 'pop' of 'dict' objects}
        1    0.000    0.000    0.000    0.000 core.py:5564(mvoid)
        1    0.000    0.000    0.000    0.000 numeric.py:2710(__exit__)
        1    0.000    0.000    0.000    0.000 StringIO.py:42(StringIO)
        4    0.000    0.000    0.000    0.000 core.py:2441(__get__)
        4    0.000    0.000    0.000    0.000 six.py:63(_add_doc)
        3    0.000    0.000    0.000    0.000 core.py:737(__init__)
        1    0.000    0.000    0.000    0.000 arrayterator.py:21(Arrayterator)
        1    0.000    0.000    0.000    0.000 copy.py:113(_copy_with_constructor)
        1    0.000    0.000    0.000    0.000 drop_titan_params.py:21(<module>)
        1    0.000    0.000    0.000    0.000 info.py:83(<module>)
        1    0.000    0.000    0.000    0.000 suite.py:16(BaseTestSuite)
        1    0.000    0.000    0.000    0.000 base.py:347(BiclusterMixin)
        1    0.000    0.000    0.000    0.000 utils.py:961(SafeEval)
        1    0.000    0.000    0.000    0.000 numeric.py:2705(__enter__)
        1    0.000    0.000    0.000    0.000 six.py:368(Module_six_moves_urllib)
        3    0.000    0.000    0.000    0.000 {delattr}
        1    0.000    0.000    0.000    0.000 index_tricks.py:456(__init__)
        3    0.000    0.000    0.000    0.000 core.py:784(__init__)
        1    0.000    0.000    0.000    0.000 core.py:5940(__init__)
        1    0.000    0.000    0.000    0.000 extras.py:1501(__init__)
        1    0.000    0.000    0.000    0.000 utils.py:1368(WarningMessage)
        1    0.000    0.000    0.000    0.000 warnings.py:339(__enter__)
        1    0.000    0.000    0.000    0.000 records.py:286(recarray)
        1    0.000    0.000    0.000    0.000 _import_tools.py:8(PackageLoader)
        1    0.000    0.000    0.000    0.000 main.py:63(TestProgram)
        1    0.000    0.000    0.000    0.000 csr.py:22(csr_matrix)
        1    0.000    0.000    0.000    0.000 ctypeslib.py:158(_ndptr)
        1    0.000    0.000    0.000    0.000 difflib.py:1670(HtmlDiff)
        1    0.000    0.000    0.000    0.000 index_tricks.py:434(__init__)
        1    0.000    0.000    0.000    0.000 warnings.py:318(__init__)
        1    0.000    0.000    0.000    0.000 extras.py:1431(__init__)
        1    0.000    0.000    0.000    0.000 copy.py:66(copy)
        3    0.000    0.000    0.000    0.000 _inspect.py:161(<lambda>)
        1    0.000    0.000    0.000    0.000 tokenize.py:46(any)
        1    0.000    0.000    0.000    0.000 {numpy.core.multiarray.set_typeDict}
        1    0.000    0.000    0.000    0.000 getlimits.py:24(finfo)
        1    0.000    0.000    0.000    0.000 __init__.py:243(c_char_p)
        2    0.000    0.000    0.000    0.000 {posix.getpid}
        1    0.000    0.000    0.000    0.000 {_ctypes.set_conversion_mode}
        2    0.000    0.000    0.000    0.000 index_tricks.py:627(__init__)
        1    0.000    0.000    0.000    0.000 six.py:102(MovedAttribute)
        1    0.000    0.000    0.000    0.000 runner.py:12(_WritelnDecorator)
        2    0.000    0.000    0.000    0.000 glob.py:77(<lambda>)
        1    0.000    0.000    0.000    0.000 {zip}
        2    0.000    0.000    0.000    0.000 {method 'clear' of 'dict' objects}
        1    0.000    0.000    0.000    0.000 core.py:2250(_MaskedPrintOption)
        1    0.000    0.000    0.000    0.000 pprint.py:84(PrettyPrinter)
        1    0.000    0.000    0.000    0.000 difflib.py:44(SequenceMatcher)
        1    0.000    0.000    0.000    0.000 index_tricks.py:510(ndindex)
        1    0.000    0.000    0.000    0.000 runner.py:119(TextTestRunner)
        1    0.000    0.000    0.000    0.000 __future__.py:74(_Feature)
        1    0.000    0.000    0.000    0.000 UserDict.py:70(__contains__)
        1    0.000    0.000    0.000    0.000 _datasource.py:72(__init__)
        1    0.000    0.000    0.000    0.000 difflib.py:764(Differ)
        2    0.000    0.000    0.000    0.000 {method 'endswith' of 'str' objects}
        1    0.000    0.000    0.000    0.000 arrayprint.py:532(FloatFormat)
        1    0.000    0.000    0.000    0.000 numerictypes.py:772(_typedict)
        1    0.000    0.000    0.000    0.000 records.py:85(format_parser)
        1    0.000    0.000    0.000    0.000 six.py:49(X)
        1    0.000    0.000    0.000    0.000 core.py:883(_MaskedBinaryOperation)
        1    0.000    0.000    0.000    0.000 copy_reg.py:27(constructor)
        1    0.000    0.000    0.000    0.000 warnings.py:355(__exit__)
        1    0.000    0.000    0.000    0.000 machar.py:17(MachAr)
        1    0.000    0.000    0.000    0.000 function_base.py:1405(vectorize)
        1    0.000    0.000    0.000    0.000 _inspect.py:162(<lambda>)
        1    0.000    0.000    0.000    0.000 index_tricks.py:213(AxisConcatenator)
        1    0.000    0.000    0.000    0.000 _datasource.py:499(Repository)
        1    0.000    0.000    0.000    0.000 case.py:1018(FunctionTestCase)
        1    0.000    0.000    0.000    0.000 __init__.py:168(c_short)
        1    0.000    0.000    0.000    0.000 core.py:2469(MaskedIterator)
        1    0.000    0.000    0.000    0.000 suite.py:78(TestSuite)
        1    0.000    0.000    0.000    0.000 core.py:5871(_extrema_operation)
        1    0.000    0.000    0.000    0.000 records.py:216(record)
        1    0.000    0.000    0.000    0.000 utils.py:92(_Deprecate)
        1    0.000    0.000    0.000    0.000 __init__.py:388(PyDLL)
        1    0.000    0.000    0.000    0.000 six.py:87(MovedModule)
        1    0.000    0.000    0.000    0.000 index_tricks.py:85(nd_grid)
        1    0.000    0.000    0.000    0.000 __init__.py:332(CDLL)
        1    0.000    0.000    0.000    0.000 core.py:5928(__init__)
        1    0.000    0.000    0.000    0.000 index_tricks.py:461(ndenumerate)
        1    0.000    0.000    0.000    0.000 six.py:137(MovedAttribute)
        1    0.000    0.000    0.000    0.000 six.py:104(_resolve)
        2    0.000    0.000    0.000    0.000 sre_parse.py:213(isdigit)
        2    0.000    0.000    0.000    0.000 __init__.py:429(__init__)
        1    0.000    0.000    0.000    0.000 _datasource.py:49(_FileOpeners)
        1    0.000    0.000    0.000    0.000 core.py:128(MAError)
        1    0.000    0.000    0.000    0.000 base.py:274(ClassifierMixin)
        1    0.000    0.000    0.000    0.000 UserDict.py:58(get)
        1    0.000    0.000    0.000    0.000 arrayprint.py:743(TimedeltaFormat)
        1    0.000    0.000    0.000    0.000 pickle.py:1261(_EmptyClass)
        1    0.000    0.000    0.000    0.000 polyutils.py:48(RankWarning)
        1    0.000    0.000    0.000    0.000 _import_tools.py:336(PackageLoaderDebug)
        1    0.000    0.000    0.000    0.000 six.py:122(_LazyModule)
        1    0.000    0.000    0.000    0.000 tokenize.py:179(Untokenizer)
        1    0.000    0.000    0.000    0.000 core.py:131(MaskError)
        1    0.000    0.000    0.000    0.000 __init__.py:294(c_wchar)
        1    0.000    0.000    0.000    0.000 pickle.py:69(UnpicklingError)
        1    0.000    0.000    0.000    0.000 shutil.py:38(ExecError)
        1    0.000    0.000    0.000    0.000 core.py:7187(_convert2ma)
        1    0.000    0.000    0.000    0.000 __init__.py:291(c_wchar_p)
        1    0.000    0.000    0.000    0.000 io.py:72(RawIOBase)
        1    0.000    0.000    0.000    0.000 core.py:1032(_DomainedBinaryOperation)
        1    0.000    0.000    0.000    0.000 polyutils.py:52(PolyError)
        1    0.000    0.000    0.000    0.000 data.py:97(_minmax_mixin)
        1    0.000    0.000    0.000    0.000 arrayprint.py:688(LongComplexFormat)
        1    0.000    0.000    0.000    0.000 {method 'sort' of 'list' objects}
        1    0.000    0.000    0.000    0.000 core.py:5926(_minimum_operation)
        2    0.000    0.000    0.000    0.000 core.py:796(__init__)
        1    0.000    0.000    0.000    0.000 compat.py:117(Pickler)
        1    0.000    0.000    0.000    0.000 extras.py:1419(MAxisConcatenator)
        1    0.000    0.000    0.000    0.000 case.py:45(_UnexpectedSuccess)
        1    0.000    0.000    0.000    0.000 stride_tricks.py:14(DummyArray)
        1    0.000    0.000    0.000    0.000 six.py:242(Iterator)
        1    0.000    0.000    0.000    0.000 six.py:55(X)
        1    0.000    0.000    0.000    0.000 arrayprint.py:715(DatetimeFormat)
        1    0.000    0.000    0.000    0.000 core.py:2399(_arraymethod)
        1    0.000    0.000    0.000    0.000 io.py:75(BufferedIOBase)
        1    0.000    0.000    0.000    0.000 __init__.py:226(c_ubyte)
        2    0.000    0.000    0.000    0.000 index_tricks.py:145(__init__)
        1    0.000    0.000    0.000    0.000 __init__.py:5(<module>)
        1    0.000    0.000    0.000    0.000 __init__.py:428(LibraryLoader)
        1    0.000    0.000    0.000    0.000 numeric.py:2639(errstate)
        1    0.000    0.000    0.000    0.000 typeconv.py:53(_oldtypecodes)
        1    0.000    0.000    0.000    0.000 index_tricks.py:340(RClass)
        1    0.000    0.000    0.000    0.000 polynomial.py:21(RankWarning)
        1    0.000    0.000    0.000    0.000 io.py:78(TextIOBase)
        1    0.000    0.000    0.000    0.000 utils.py:1588(IgnoreException)
        1    0.000    0.000    0.000    0.000 shutil.py:34(SpecialFileError)
        1    0.000    0.000    0.000    0.000 core.py:5982(_frommethod)
        1    0.000    0.000    0.000    0.000 six.py:267(Module_six_moves_urllib_error)
        1    0.000    0.000    0.000    0.000 polyutils.py:69(PolyBase)
        1    0.000    0.000    0.000    0.000 posixpath.py:51(normcase)
        1    0.000    0.000    0.000    0.000 _iotools.py:438(ConverterError)
        1    0.000    0.000    0.000    0.000 base.py:16(SparseWarning)
        1    0.000    0.000    0.000    0.000 core.py:805(_MaskedUnaryOperation)
        1    0.000    0.000    0.000    0.000 arrayprint.py:699(ComplexFormat)
        1    0.000    0.000    0.000    0.000 inspect.py:630(EndOfBlock)
        1    0.000    0.000    0.000    0.000 __init__.py:172(c_ushort)
        1    0.000    0.000    0.000    0.000 signals.py:9(_InterruptHandler)
        1    0.000    0.000    0.000    0.000 arrayprint.py:658(LongFloatFormat)
        1    0.000    0.000    0.000    0.000 string.py:131(__init__)
        1    0.000    0.000    0.000    0.000 six.py:333(Module_six_moves_urllib_response)
        1    0.000    0.000    0.000    0.000 __init__.py:233(c_byte)
        1    0.000    0.000    0.000    0.000 numeric.py:2635(_unspecified)
        1    0.000    0.000    0.000    0.000 base.py:381(TransformerMixin)
        1    0.000    0.000    0.000    0.000 index_tricks.py:439(CClass)
        1    0.000    0.000    0.000    0.000 tokenize.py:148(StopTokenizing)
        1    0.000    0.000    0.000    0.000 core.py:751(_DomainTan)
        1    0.000    0.000    0.000    0.000 six.py:456(Iterator)
        1    0.000    0.000    0.000    0.000 linalg.py:43(LinAlgError)
        1    0.000    0.000    0.000    0.000 sputils.py:160(IndexMixin)
        1    0.000    0.000    0.000    0.000 case.py:98(_AssertRaisesContext)
        1    0.000    0.000    0.000    0.000 __init__.py:159(py_object)
        1    0.000    0.000    0.000    0.000 __init__.py:112(ModuleDeprecationWarning)
        1    0.000    0.000    0.000    0.000 six.py:238(Module_six_moves_urllib_parse)
        1    0.000    0.000    0.000    0.000 case.py:25(SkipTest)
        1    0.000    0.000    0.000    0.000 base.py:326(ClusterMixin)
        1    0.000    0.000    0.000    0.000 _iotools.py:445(ConverterLockError)
        1    0.000    0.000    0.000    0.000 utils.py:1400(WarningManager)
        1    0.000    0.000    0.000    0.000 six.py:74(_LazyDescr)
        1    0.000    0.000    0.000    0.000 index_tricks.py:584(IndexExpression)
        1    0.000    0.000    0.000    0.000 six.py:93(MovedModule)
        1    0.000    0.000    0.000    0.000 core.py:5770(__array_finalize__)
        1    0.000    0.000    0.000    0.000 pickle.py:58(PickleError)
        1    0.000    0.000    0.000    0.000 six.py:56(__len__)
        1    0.000    0.000    0.000    0.000 tokenize.py:146(TokenError)
        1    0.000    0.000    0.000    0.000 {iter}
        1    0.000    0.000    0.000    0.000 core.py:729(_DomainCheckInterval)
        1    0.000    0.000    0.000    0.000 _internal.py:217(_missing_ctypes)
        1    0.000    0.000    0.000    0.000 six.py:163(_MovedItems)
        1    0.000    0.000    0.000    0.000 core.py:782(_DomainGreater)
        1    0.000    0.000    0.000    0.000 base.py:415(MetaEstimatorMixin)
        1    0.000    0.000    0.000    0.000 base.py:20(SparseFormatWarning)
        1    0.000    0.000    0.000    0.000 __init__.py:260(c_bool)
        1    0.000    0.000    0.000    0.000 suite.py:299(_DebugResult)
        1    0.000    0.000    0.000    0.000 pickle.py:62(PicklingError)
        1    0.000    0.000    0.000    0.000 __init__.py:193(c_uint)
        1    0.000    0.000    0.000    0.000 core.py:2255(__init__)
        1    0.000    0.000    0.000    0.000 npyio.py:90(BagObj)
        1    0.000    0.000    0.000    0.000 __init__.py:255(c_void_p)
        1    0.000    0.000    0.000    0.000 base.py:298(RegressorMixin)
        1    0.000    0.000    0.000    0.000 core.py:757(__init__)
        1    0.000    0.000    0.000    0.000 __init__.py:201(c_double)
        1    0.000    0.000    0.000    0.000 __init__.py:359(_FuncPtr)
        1    0.000    0.000    0.000    0.000 core.py:5938(_maximum_operation)
        1    0.000    0.000    0.000    0.000 polyutils.py:56(PolyDomainError)
        1    0.000    0.000    0.000    0.000 __init__.py:189(c_int)
        1    0.000    0.000    0.000    0.000 core.py:767(_DomainSafeDivide)
        1    0.000    0.000    0.000    0.000 suite.py:252(_ErrorHolder)
        1    0.000    0.000    0.000    0.000 _endian.py:26(_swapped_meta)
        1    0.000    0.000    0.000    0.000 _endian.py:49(BigEndianStructure)
        1    0.000    0.000    0.000    0.000 __init__.py:205(c_longdouble)
        1    0.000    0.000    0.000    0.000 extras.py:1485(mr_class)
        1    0.000    0.000    0.000    0.000 arrayprint.py:638(IntegerFormat)
        1    0.000    0.000    0.000    0.000 __init__.py:180(c_ulong)
        1    0.000    0.000    0.000    0.000 numeric.py:49(ComplexWarning)
        1    0.000    0.000    0.000    0.000 __init__.py:238(c_char)
        1    0.000    0.000    0.000    0.000 __init__.py:176(c_long)
        1    0.000    0.000    0.000    0.000 precision.py:33(PrecisionError)
        1    0.000    0.000    0.000    0.000 shutil.py:31(Error)
        1    0.000    0.000    0.000    0.000 six.py:80(_LazyDescr)
        1    0.000    0.000    0.000    0.000 case.py:34(_ExpectedFailure)
        1    0.000    0.000    0.000    0.000 inspect.py:632(BlockFinder)
        1    0.000    0.000    0.000    0.000 extras.py:224(_fromnxfunction)
        1    0.000    0.000    0.000    0.000 pickle.py:82(_Stop)
        1    0.000    0.000    0.000    0.000 six.py:352(Module_six_moves_urllib_robotparser)
        1    0.000    0.000    0.000    0.000 _iotools.py:452(ConversionWarning)
        1    0.000    0.000    0.000    0.000 six.py:50(__len__)
        1    0.000    0.000    0.000    0.000 base.py:24(SparseEfficiencyWarning)
        1    0.000    0.000    0.000    0.000 {method 'iteritems' of 'dict' objects}
        1    0.000    0.000    0.000    0.000 six.py:285(Module_six_moves_urllib_request)
        1    0.000    0.000    0.000    0.000 six.py:128(_MovedItems)
        1    0.000    0.000    0.000    0.000 __init__.py:197(c_float)
        1    0.000    0.000    0.000    0.000 core.py:794(_DomainGreaterEqual)
        1    0.000    0.000    0.000    0.000 {method 'disable' of '_lsprof.Profiler' objects}


